d:\mydocuments\c documents\computercommun\visualstudio\computercommunicationrep\channelproj\channelproj\debug\vc142.pdb
d:\mydocuments\c documents\computercommun\visualstudio\computercommunicationrep\channelproj\channelproj\debug\vc142.idb
d:\mydocuments\c documents\computercommun\visualstudio\computercommunicationrep\channelproj\channelproj\debug\channelserver.obj
d:\mydocuments\c documents\computercommun\visualstudio\computercommunicationrep\channelproj\channelproj\debug\socketsendrecvtools.obj
d:\mydocuments\c documents\computercommun\visualstudio\computercommunicationrep\channelproj\debug\channelproj.exe
d:\mydocuments\c documents\computercommun\visualstudio\computercommunicationrep\channelproj\channelproj\debug\channelproj.ilk
d:\mydocuments\c documents\computercommun\visualstudio\computercommunicationrep\channelproj\debug\channelproj.pdb
c:\users\alona\documents\computercommunicationproj\proj1\computercommunicationrep\channelproj\channelproj\debug\channelserver.obj
c:\users\alona\documents\computercommunicationproj\proj1\computercommunicationrep\channelproj\channelproj\debug\socketsendrecvtools.obj
c:\users\alona\documents\computercommunicationproj\proj1\computercommunicationrep\channelproj\channelproj\debug\channelproj.ilk
c:\users\alona\documents\computercommunicationproj\proj1\computercommunicationrep\channelproj\channelproj\debug\vc143.idb
c:\users\alona\documents\computercommunicationproj\proj1\computercommunicationrep\channelproj\channelproj\debug\vc143.pdb
c:\users\alona\documents\computercommunicationproj\proj1\computercommunicationrep\channelproj\debug\channelproj.pdb
c:\users\alona\documents\computercommunicationproj\proj1\computercommunicationrep\channelproj\debug\channelproj.exe
c:\users\alona\documents\computercommunicationproj\proj1\computercommunicationrep\channelproj\channelproj\debug\channelproj.tlog\cl.command.1.tlog
c:\users\alona\documents\computercommunicationproj\proj1\computercommunicationrep\channelproj\channelproj\debug\channelproj.tlog\cl.read.1.tlog
c:\users\alona\documents\computercommunicationproj\proj1\computercommunicationrep\channelproj\channelproj\debug\channelproj.tlog\cl.write.1.tlog
c:\users\alona\documents\computercommunicationproj\proj1\computercommunicationrep\channelproj\channelproj\debug\channelproj.tlog\link.command.1.tlog
c:\users\alona\documents\computercommunicationproj\proj1\computercommunicationrep\channelproj\channelproj\debug\channelproj.tlog\link.read.1.tlog
c:\users\alona\documents\computercommunicationproj\proj1\computercommunicationrep\channelproj\channelproj\debug\channelproj.tlog\link.write.1.tlog
